TN:
SF:index.js
FN:11,(anonymous_0)
FN:13,(anonymous_1)
FN:26,(anonymous_2)
FNF:3
FNH:2
FNDA:2,(anonymous_0)
FNDA:0,(anonymous_1)
FNDA:1,(anonymous_2)
DA:1,2
DA:2,2
DA:3,2
DA:4,2
DA:5,2
DA:6,2
DA:8,2
DA:11,2
DA:12,2
DA:13,0
DA:15,2
DA:19,2
DA:21,2
DA:22,2
DA:24,2
DA:26,2
DA:29,2
LF:17
LH:16
BRDA:24,0,0,2
BRDA:24,0,1,0
BRF:2
BRH:1
end_of_record
TN:
SF:config\db.js
FN:4,(anonymous_0)
FNF:1
FNH:0
FNDA:0,(anonymous_0)
DA:1,2
DA:4,2
DA:5,0
DA:6,0
DA:12,0
DA:14,0
DA:19,2
LF:7
LH:3
BRF:0
BRH:0
end_of_record
TN:
SF:models\Product.model.js
FNF:0
FNH:0
DA:1,2
DA:3,2
DA:11,2
LF:3
LH:3
BRF:0
BRH:0
end_of_record
TN:
SF:routes\Products.js
FN:6,(anonymous_0)
FN:15,(anonymous_1)
FNF:2
FNH:2
FNDA:1,(anonymous_0)
FNDA:1,(anonymous_1)
DA:1,2
DA:2,2
DA:3,2
DA:6,2
DA:7,1
DA:8,1
DA:15,2
DA:16,1
DA:17,1
DA:27,2
LF:10
LH:10
BRF:0
BRH:0
end_of_record
TN:
SF:routes\users.js
FN:4,(anonymous_0)
FN:12,(anonymous_1)
FN:24,(anonymous_2)
FNF:3
FNH:3
FNDA:1,(anonymous_0)
FNDA:3,(anonymous_1)
FNDA:2,(anonymous_2)
DA:1,2
DA:2,2
DA:4,2
DA:5,1
DA:12,2
DA:13,3
DA:14,2
DA:19,1
DA:24,2
DA:25,2
DA:26,2
DA:27,1
DA:32,1
DA:40,2
LF:14
LH:14
BRDA:13,0,0,2
BRDA:13,0,1,1
BRDA:26,1,0,1
BRDA:26,1,1,1
BRDA:26,2,0,2
BRDA:26,2,1,2
BRF:6
BRH:6
end_of_record
